bs
==========
[CORE0 FSH] PASS
All cores finished! Terminating...
$finish called from file "/home/sripathi/EE_525/final_project/black-parrot/bp_top/test/common/bp_nonsynth_host.v", line 142.
$finish at simulation time             12910000
           V C S   S i m u l a t i o n   R e p o r t 
Time: 12910000 ps
CPU Time:      2.740 seconds;       Data structure size: 157.3Mb
Sat Mar 21 01:51:57 2020

fibcall
==========
[CORE0 FSH] PASS
All cores finished! Terminating...
$finish called from file "/home/sripathi/EE_525/final_project/black-parrot/bp_top/test/common/bp_nonsynth_host.v", line 142.
$finish at simulation time             26860000
           V C S   S i m u l a t i o n   R e p o r t 
Time: 26860000 ps
CPU Time:      5.040 seconds;       Data structure size: 157.3Mb
Sat Mar 21 01:52:04 2020

median
==========
[CORE0 FSH] PASS
All cores finished! Terminating...
$finish called from file "/home/sripathi/EE_525/final_project/black-parrot/bp_top/test/common/bp_nonsynth_host.v", line 142.
$finish at simulation time            219990000
           V C S   S i m u l a t i o n   R e p o r t 
Time: 219990000 ps
CPU Time:     42.640 seconds;       Data structure size: 157.3Mb
Sat Mar 21 01:52:48 2020

rv64ui-p-blt
==========
[CORE0 FSH] PASS
All cores finished! Terminating...
$finish called from file "/home/sripathi/EE_525/final_project/black-parrot/bp_top/test/common/bp_nonsynth_host.v", line 142.
$finish at simulation time             10830000
           V C S   S i m u l a t i o n   R e p o r t 
Time: 10830000 ps
CPU Time:      2.150 seconds;       Data structure size: 157.3Mb
Sat Mar 21 01:52:51 2020

towers
==========
[CORE0 FSH] PASS
All cores finished! Terminating...
$finish called from file "/home/sripathi/EE_525/final_project/black-parrot/bp_top/test/common/bp_nonsynth_host.v", line 142.
$finish at simulation time            167430000
           V C S   S i m u l a t i o n   R e p o r t 
Time: 167430000 ps
CPU Time:     29.110 seconds;       Data structure size: 157.3Mb
Sat Mar 21 01:53:22 2020

vvadd
==========
[CORE0 FSH] PASS
All cores finished! Terminating...
$finish called from file "/home/sripathi/EE_525/final_project/black-parrot/bp_top/test/common/bp_nonsynth_host.v", line 142.
$finish at simulation time             92280000
           V C S   S i m u l a t i o n   R e p o r t 
Time: 92280000 ps
CPU Time:     16.670 seconds;       Data structure size: 157.3Mb
Sat Mar 21 01:53:40 2020

